Flow report for cyclone_v_edge_detection
Fri Nov 27 09:21:12 2020
Quartus Prime Version 18.1.0 Build 625 09/12/2018 SJ Lite Edition


---------------------
; Table of Contents ;
---------------------
  1. Legal Notice
  2. Flow Summary
  3. Flow Settings
  4. Flow Non-Default Global Settings
  5. Flow Elapsed Time
  6. Flow OS Summary
  7. Flow Log
  8. Flow Messages
  9. Flow Suppressed Messages



----------------
; Legal Notice ;
----------------
Copyright (C) 2018  Intel Corporation. All rights reserved.
Your use of Intel Corporation's design tools, logic functions 
and other software and tools, and its AMPP partner logic 
functions, and any output files from any of the foregoing 
(including device programming or simulation files), and any 
associated documentation or information are expressly subject 
to the terms and conditions of the Intel Program License 
Subscription Agreement, the Intel Quartus Prime License Agreement,
the Intel FPGA IP License Agreement, or other applicable license
agreement, including, without limitation, that your use is for
the sole purpose of programming logic devices manufactured by
Intel and sold by Intel or its authorized distributors.  Please
refer to the applicable agreement for further details.



+-------------------------------------------------------------------------------+
; Flow Summary                                                                  ;
+---------------------------------+---------------------------------------------+
; Flow Status                     ; Successful - Fri Nov 27 09:21:12 2020       ;
; Quartus Prime Version           ; 18.1.0 Build 625 09/12/2018 SJ Lite Edition ;
; Revision Name                   ; cyclone_v_edge_detection                    ;
; Top-level Entity Name           ; cyclone_v_edge_detection                    ;
; Family                          ; Cyclone V                                   ;
; Device                          ; 5CSEBA6U23I7                                ;
; Timing Models                   ; Final                                       ;
; Logic utilization (in ALMs)     ; 2,923 / 41,910 ( 7 % )                      ;
; Total registers                 ; 5151                                        ;
; Total pins                      ; 189 / 314 ( 60 % )                          ;
; Total virtual pins              ; 0                                           ;
; Total block memory bits         ; 580,550 / 5,662,720 ( 10 % )                ;
; Total DSP Blocks                ; 3 / 112 ( 3 % )                             ;
; Total HSSI RX PCSs              ; 0                                           ;
; Total HSSI PMA RX Deserializers ; 0                                           ;
; Total HSSI TX PCSs              ; 0                                           ;
; Total HSSI PMA TX Serializers   ; 0                                           ;
; Total PLLs                      ; 2 / 6 ( 33 % )                              ;
; Total DLLs                      ; 1 / 4 ( 25 % )                              ;
+---------------------------------+---------------------------------------------+


+----------------------------------------------+
; Flow Settings                                ;
+-------------------+--------------------------+
; Option            ; Setting                  ;
+-------------------+--------------------------+
; Start date & time ; 11/27/2020 09:13:39      ;
; Main task         ; Compilation              ;
; Revision Name     ; cyclone_v_edge_detection ;
+-------------------+--------------------------+


+----------------------------------------------------------------------------------------------------------------------------------+
; Flow Non-Default Global Settings                                                                                                 ;
+---------------------------------------+----------------------------------------+---------------+-------------+-------------------+
; Assignment Name                       ; Value                                  ; Default Value ; Entity Name ; Section Id        ;
+---------------------------------------+----------------------------------------+---------------+-------------+-------------------+
; COMPILER_SIGNATURE_ID                 ; 141812762972019.160643601511876        ; --            ; --          ; --                ;
; ECO_REGENERATE_REPORT                 ; On                                     ; Off           ; --          ; --                ;
; EDA_DESIGN_INSTANCE_NAME              ; NA                                     ; --            ; --          ; tb_edge_detection ;
; EDA_NATIVELINK_SIMULATION_TEST_BENCH  ; tb_edge_detection                      ; --            ; --          ; eda_simulation    ;
; EDA_OUTPUT_DATA_FORMAT                ; Systemverilog Hdl                      ; --            ; --          ; eda_simulation    ;
; EDA_SIMULATION_TOOL                   ; ModelSim-Altera (SystemVerilog)        ; <None>        ; --          ; --                ;
; EDA_TEST_BENCH_ENABLE_STATUS          ; TEST_BENCH_MODE                        ; --            ; --          ; eda_simulation    ;
; EDA_TEST_BENCH_FILE                   ; testbench/tb_edge_detection.sv         ; --            ; --          ; tb_edge_detection ;
; EDA_TEST_BENCH_FILE                   ; edge_detection/add.v                   ; --            ; --          ; tb_edge_detection ;
; EDA_TEST_BENCH_FILE                   ; edge_detection/edge_detection.v        ; --            ; --          ; tb_edge_detection ;
; EDA_TEST_BENCH_FILE                   ; edge_detection/shift_register.v        ; --            ; --          ; tb_edge_detection ;
; EDA_TEST_BENCH_FILE                   ; edge_detection/sqrt.v                  ; --            ; --          ; tb_edge_detection ;
; EDA_TEST_BENCH_FILE                   ; edge_detection/square.v                ; --            ; --          ; tb_edge_detection ;
; EDA_TEST_BENCH_MODULE_NAME            ; tb_edge_detection                      ; --            ; --          ; tb_edge_detection ;
; EDA_TEST_BENCH_NAME                   ; tb_edge_detection                      ; --            ; --          ; eda_simulation    ;
; EDA_TIME_SCALE                        ; 1 ps                                   ; --            ; --          ; eda_simulation    ;
; ENABLE_SIGNALTAP                      ; Off                                    ; --            ; --          ; --                ;
; FITTER_EFFORT                         ; Standard Fit                           ; Auto Fit      ; --          ; --                ;
; MAX_CORE_JUNCTION_TEMP                ; 100                                    ; --            ; --          ; --                ;
; MIN_CORE_JUNCTION_TEMP                ; -40                                    ; --            ; --          ; --                ;
; MISC_FILE                             ; ov5642/buffer_bb.v                     ; --            ; --          ; --                ;
; MISC_FILE                             ; ip/TERASIC_CAMERA/add4_bb.v            ; --            ; --          ; --                ;
; MISC_FILE                             ; ip/TERASIC_CAMERA/add2_bb.v            ; --            ; --          ; --                ;
; MISC_FILE                             ; edge_detection/shift_register_bb.v     ; --            ; --          ; --                ;
; MISC_FILE                             ; edge_detection/sqrt_bb.v               ; --            ; --          ; --                ;
; MUX_RESTRUCTURE                       ; Off                                    ; Auto          ; --          ; --                ;
; NUM_PARALLEL_PROCESSORS               ; All                                    ; --            ; --          ; --                ;
; OPTIMIZATION_MODE                     ; Aggressive Performance                 ; Balanced      ; --          ; --                ;
; OPTIMIZATION_TECHNIQUE                ; Speed                                  ; Balanced      ; --          ; --                ;
; PARTITION_COLOR                       ; -- (Not supported for targeted family) ; --            ; --          ; Top               ;
; PARTITION_FITTER_PRESERVATION_LEVEL   ; -- (Not supported for targeted family) ; --            ; --          ; Top               ;
; PARTITION_NETLIST_TYPE                ; -- (Not supported for targeted family) ; --            ; --          ; Top               ;
; PHYSICAL_SYNTHESIS_COMBO_LOGIC        ; On                                     ; Off           ; --          ; --                ;
; PHYSICAL_SYNTHESIS_REGISTER_RETIMING  ; On                                     ; Off           ; --          ; --                ;
; PLACEMENT_EFFORT_MULTIPLIER           ; 4.0                                    ; 1.0           ; --          ; --                ;
; POWER_BOARD_THERMAL_MODEL             ; None (CONSERVATIVE)                    ; --            ; --          ; --                ;
; POWER_PRESET_COOLING_SOLUTION         ; 23 MM HEAT SINK WITH 200 LFPM AIRFLOW  ; --            ; --          ; --                ;
; PROJECT_OUTPUT_DIRECTORY              ; output_files                           ; --            ; --          ; --                ;
; ROUTER_TIMING_OPTIMIZATION_LEVEL      ; MAXIMUM                                ; Normal        ; --          ; --                ;
; USE_DLL_FREQUENCY_FOR_DQS_DELAY_CHAIN ; On                                     ; Off           ; --          ; --                ;
; USE_SIGNALTAP_FILE                    ; stp2.stp                               ; --            ; --          ; --                ;
+---------------------------------------+----------------------------------------+---------------+-------------+-------------------+


+--------------------------------------------------------------------------------------------------------------------------+
; Flow Elapsed Time                                                                                                        ;
+----------------------+--------------+-------------------------+---------------------+------------------------------------+
; Module Name          ; Elapsed Time ; Average Processors Used ; Peak Virtual Memory ; Total CPU Time (on all processors) ;
+----------------------+--------------+-------------------------+---------------------+------------------------------------+
; Analysis & Synthesis ; 00:03:19     ; 1.0                     ; 5270 MB             ; 00:05:13                           ;
; Fitter               ; 00:03:44     ; 1.2                     ; 7716 MB             ; 00:06:58                           ;
; Assembler            ; 00:00:14     ; 1.0                     ; 4926 MB             ; 00:00:14                           ;
; Total                ; 00:07:17     ; --                      ; --                  ; 00:12:25                           ;
+----------------------+--------------+-------------------------+---------------------+------------------------------------+


+------------------------------------------------------------------------------------+
; Flow OS Summary                                                                    ;
+----------------------+------------------+------------+------------+----------------+
; Module Name          ; Machine Hostname ; OS Name    ; OS Version ; Processor type ;
+----------------------+------------------+------------+------------+----------------+
; Analysis & Synthesis ; DESKTOP-N4CP9JR  ; Windows 10 ; 10.0       ; x86_64         ;
; Fitter               ; DESKTOP-N4CP9JR  ; Windows 10 ; 10.0       ; x86_64         ;
; Assembler            ; DESKTOP-N4CP9JR  ; Windows 10 ; 10.0       ; x86_64         ;
+----------------------+------------------+------------+------------+----------------+


------------
; Flow Log ;
------------
quartus_map --read_settings_files=on --write_settings_files=off cyclone_v_edge_detection -c cyclone_v_edge_detection
quartus_fit --read_settings_files=off --write_settings_files=off cyclone_v_edge_detection -c cyclone_v_edge_detection
quartus_asm --read_settings_files=off --write_settings_files=off cyclone_v_edge_detection -c cyclone_v_edge_detection



